[debug] [2025-12-28T04:57:59.466Z] ----------------------------------------------------------------------
[debug] [2025-12-28T04:57:59.476Z] Command:       C:\Program Files\nodejs\node.exe C:\Users\teshe\AppData\Roaming\npm\node_modules\firebase-tools\lib\bin\firebase.js deploy --only functions
[debug] [2025-12-28T04:57:59.476Z] CLI Version:   15.1.0
[debug] [2025-12-28T04:57:59.476Z] Platform:      win32
[debug] [2025-12-28T04:57:59.477Z] Node Version:  v22.20.0
[debug] [2025-12-28T04:57:59.477Z] Time:          Sat Dec 27 2025 23:57:59 GMT-0500 (Eastern Standard Time)
[debug] [2025-12-28T04:57:59.477Z] ----------------------------------------------------------------------
[debug] 
[debug] [2025-12-28T04:58:02.687Z] > command requires scopes: ["email","openid","https://www.googleapis.com/auth/cloudplatformprojects.readonly","https://www.googleapis.com/auth/firebase","https://www.googleapis.com/auth/cloud-platform"]
[debug] [2025-12-28T04:58:02.688Z] > authorizing via signed-in user (tesheman2020@gmail.com)
[debug] [2025-12-28T04:58:02.688Z] [iam] checking project clone-67520 for permissions ["cloudfunctions.functions.create","cloudfunctions.functions.delete","cloudfunctions.functions.get","cloudfunctions.functions.list","cloudfunctions.functions.update","cloudfunctions.operations.get","firebase.projects.get"]
[debug] [2025-12-28T04:58:02.689Z] Checked if tokens are valid: false, expires at: 1766885581794
[debug] [2025-12-28T04:58:02.690Z] Checked if tokens are valid: false, expires at: 1766885581794
[debug] [2025-12-28T04:58:02.690Z] > refreshing access token with scopes: []
[debug] [2025-12-28T04:58:02.693Z] >>> [apiv2][query] POST https://www.googleapis.com/oauth2/v3/token [none]
[debug] [2025-12-28T04:58:02.693Z] >>> [apiv2][body] POST https://www.googleapis.com/oauth2/v3/token [omitted]
[debug] [2025-12-28T04:58:02.907Z] <<< [apiv2][status] POST https://www.googleapis.com/oauth2/v3/token 200
[debug] [2025-12-28T04:58:02.907Z] <<< [apiv2][body] POST https://www.googleapis.com/oauth2/v3/token [omitted]
[debug] [2025-12-28T04:58:02.920Z] >>> [apiv2][query] POST https://cloudresourcemanager.googleapis.com/v1/projects/clone-67520:testIamPermissions [none]
[debug] [2025-12-28T04:58:02.920Z] >>> [apiv2][(partial)header] POST https://cloudresourcemanager.googleapis.com/v1/projects/clone-67520:testIamPermissions x-goog-quota-user=projects/clone-67520
[debug] [2025-12-28T04:58:02.921Z] >>> [apiv2][body] POST https://cloudresourcemanager.googleapis.com/v1/projects/clone-67520:testIamPermissions {"permissions":["cloudfunctions.functions.create","cloudfunctions.functions.delete","cloudfunctions.functions.get","cloudfunctions.functions.list","cloudfunctions.functions.update","cloudfunctions.operations.get","firebase.projects.get"]}
[debug] [2025-12-28T04:58:03.168Z] <<< [apiv2][status] POST https://cloudresourcemanager.googleapis.com/v1/projects/clone-67520:testIamPermissions 200
[debug] [2025-12-28T04:58:03.168Z] <<< [apiv2][body] POST https://cloudresourcemanager.googleapis.com/v1/projects/clone-67520:testIamPermissions {"permissions":["cloudfunctions.functions.create","cloudfunctions.functions.delete","cloudfunctions.functions.get","cloudfunctions.functions.list","cloudfunctions.functions.update","cloudfunctions.operations.get","firebase.projects.get"]}
[debug] [2025-12-28T04:58:03.169Z] Checked if tokens are valid: true, expires at: 1766901481908
[debug] [2025-12-28T04:58:03.169Z] Checked if tokens are valid: true, expires at: 1766901481908
[debug] [2025-12-28T04:58:03.169Z] >>> [apiv2][query] POST https://iam.googleapis.com/v1/projects/clone-67520/serviceAccounts/clone-67520@appspot.gserviceaccount.com:testIamPermissions [none]
[debug] [2025-12-28T04:58:03.169Z] >>> [apiv2][body] POST https://iam.googleapis.com/v1/projects/clone-67520/serviceAccounts/clone-67520@appspot.gserviceaccount.com:testIamPermissions {"permissions":["iam.serviceAccounts.actAs"]}
[debug] [2025-12-28T04:58:03.440Z] <<< [apiv2][status] POST https://iam.googleapis.com/v1/projects/clone-67520/serviceAccounts/clone-67520@appspot.gserviceaccount.com:testIamPermissions 200
[debug] [2025-12-28T04:58:03.440Z] <<< [apiv2][body] POST https://iam.googleapis.com/v1/projects/clone-67520/serviceAccounts/clone-67520@appspot.gserviceaccount.com:testIamPermissions {"permissions":["iam.serviceAccounts.actAs"]}
[info] 
[info] === Deploying to 'clone-67520'...
[info] 
[info] i  deploying functions 
[debug] [2025-12-28T04:58:03.445Z] Checked if tokens are valid: true, expires at: 1766901481908
[debug] [2025-12-28T04:58:03.445Z] Checked if tokens are valid: true, expires at: 1766901481908
[debug] [2025-12-28T04:58:03.445Z] >>> [apiv2][query] GET https://serviceusage.googleapis.com/v1/projects/clone-67520/services/cloudresourcemanager.googleapis.com [none]
[debug] [2025-12-28T04:58:03.445Z] >>> [apiv2][(partial)header] GET https://serviceusage.googleapis.com/v1/projects/clone-67520/services/cloudresourcemanager.googleapis.com x-goog-quota-user=projects/clone-67520
[debug] [2025-12-28T04:58:03.910Z] <<< [apiv2][status] GET https://serviceusage.googleapis.com/v1/projects/clone-67520/services/cloudresourcemanager.googleapis.com 200
[debug] [2025-12-28T04:58:03.910Z] <<< [apiv2][body] GET https://serviceusage.googleapis.com/v1/projects/clone-67520/services/cloudresourcemanager.googleapis.com [omitted]
[debug] [2025-12-28T04:58:03.917Z] Checked if tokens are valid: true, expires at: 1766901481908
[debug] [2025-12-28T04:58:03.917Z] Checked if tokens are valid: true, expires at: 1766901481908
[debug] [2025-12-28T04:58:03.918Z] >>> [apiv2][query] GET https://cloudresourcemanager.googleapis.com/v1/projects/clone-67520 [none]
[debug] [2025-12-28T04:58:04.017Z] <<< [apiv2][status] GET https://cloudresourcemanager.googleapis.com/v1/projects/clone-67520 200
[debug] [2025-12-28T04:58:04.017Z] <<< [apiv2][body] GET https://cloudresourcemanager.googleapis.com/v1/projects/clone-67520 {"projectNumber":"1082454415968","projectId":"clone-67520","lifecycleState":"ACTIVE","name":"amazon-clone","labels":{"firebase":"enabled","firebase-core":"disabled"},"createTime":"2025-12-21T08:12:06.155881Z"}
[info] i  functions: preparing codebase default for deployment 
[info] i  functions: ensuring required API cloudfunctions.googleapis.com is enabled... 
[info] i  functions: ensuring required API cloudbuild.googleapis.com is enabled... 
[debug] [2025-12-28T04:58:04.022Z] Checked if tokens are valid: true, expires at: 1766901481908
[debug] [2025-12-28T04:58:04.022Z] Checked if tokens are valid: true, expires at: 1766901481908
[info] i  artifactregistry: ensuring required API artifactregistry.googleapis.com is enabled... 
[debug] [2025-12-28T04:58:04.023Z] Checked if tokens are valid: true, expires at: 1766901481908
[debug] [2025-12-28T04:58:04.023Z] Checked if tokens are valid: true, expires at: 1766901481908
[debug] [2025-12-28T04:58:04.023Z] >>> [apiv2][query] GET https://serviceusage.googleapis.com/v1/projects/clone-67520/services/cloudbuild.googleapis.com [none]
[debug] [2025-12-28T04:58:04.023Z] >>> [apiv2][(partial)header] GET https://serviceusage.googleapis.com/v1/projects/clone-67520/services/cloudbuild.googleapis.com x-goog-quota-user=projects/clone-67520
[debug] [2025-12-28T04:58:04.024Z] >>> [apiv2][query] GET https://serviceusage.googleapis.com/v1/projects/clone-67520/services/artifactregistry.googleapis.com [none]
[debug] [2025-12-28T04:58:04.024Z] >>> [apiv2][(partial)header] GET https://serviceusage.googleapis.com/v1/projects/clone-67520/services/artifactregistry.googleapis.com x-goog-quota-user=projects/clone-67520
[debug] [2025-12-28T04:58:04.258Z] <<< [apiv2][status] GET https://serviceusage.googleapis.com/v1/projects/clone-67520/services/cloudbuild.googleapis.com 200
[debug] [2025-12-28T04:58:04.258Z] <<< [apiv2][body] GET https://serviceusage.googleapis.com/v1/projects/clone-67520/services/cloudbuild.googleapis.com [omitted]
[warn] !  functions: missing required API cloudbuild.googleapis.com. Enabling now... 
[debug] [2025-12-28T04:58:04.259Z] Checked if tokens are valid: true, expires at: 1766901481908
[debug] [2025-12-28T04:58:04.259Z] Checked if tokens are valid: true, expires at: 1766901481908
[debug] [2025-12-28T04:58:04.259Z] >>> [apiv2][query] POST https://serviceusage.googleapis.com/v1/projects/clone-67520/services/cloudbuild.googleapis.com:enable [none]
[debug] [2025-12-28T04:58:04.259Z] >>> [apiv2][(partial)header] POST https://serviceusage.googleapis.com/v1/projects/clone-67520/services/cloudbuild.googleapis.com:enable x-goog-quota-user=projects/clone-67520
[debug] [2025-12-28T04:58:04.395Z] <<< [apiv2][status] GET https://serviceusage.googleapis.com/v1/projects/clone-67520/services/artifactregistry.googleapis.com 200
[debug] [2025-12-28T04:58:04.395Z] <<< [apiv2][body] GET https://serviceusage.googleapis.com/v1/projects/clone-67520/services/artifactregistry.googleapis.com [omitted]
[warn] !  artifactregistry: missing required API artifactregistry.googleapis.com. Enabling now... 
[debug] [2025-12-28T04:58:04.397Z] Checked if tokens are valid: true, expires at: 1766901481908
[debug] [2025-12-28T04:58:04.397Z] Checked if tokens are valid: true, expires at: 1766901481908
[debug] [2025-12-28T04:58:04.398Z] >>> [apiv2][query] POST https://serviceusage.googleapis.com/v1/projects/clone-67520/services/artifactregistry.googleapis.com:enable [none]
[debug] [2025-12-28T04:58:04.398Z] >>> [apiv2][(partial)header] POST https://serviceusage.googleapis.com/v1/projects/clone-67520/services/artifactregistry.googleapis.com:enable x-goog-quota-user=projects/clone-67520
[debug] [2025-12-28T04:58:05.011Z] <<< [apiv2][status] POST https://serviceusage.googleapis.com/v1/projects/clone-67520/services/cloudbuild.googleapis.com:enable 200
[debug] [2025-12-28T04:58:05.011Z] <<< [apiv2][body] POST https://serviceusage.googleapis.com/v1/projects/clone-67520/services/cloudbuild.googleapis.com:enable [omitted]
[debug] [2025-12-28T04:58:05.100Z] <<< [apiv2][status] POST https://serviceusage.googleapis.com/v1/projects/clone-67520/services/artifactregistry.googleapis.com:enable 200
[debug] [2025-12-28T04:58:05.100Z] <<< [apiv2][body] POST https://serviceusage.googleapis.com/v1/projects/clone-67520/services/artifactregistry.googleapis.com:enable [omitted]
[debug] [2025-12-28T04:58:15.123Z] Checked if tokens are valid: true, expires at: 1766901481908
[debug] [2025-12-28T04:58:15.123Z] Checked if tokens are valid: true, expires at: 1766901481908
[debug] [2025-12-28T04:58:15.124Z] >>> [apiv2][query] GET https://firebase.googleapis.com/v1beta1/projects/clone-67520/adminSdkConfig [none]
[debug] [2025-12-28T04:58:15.489Z] <<< [apiv2][status] GET https://firebase.googleapis.com/v1beta1/projects/clone-67520/adminSdkConfig 200
[debug] [2025-12-28T04:58:15.489Z] <<< [apiv2][body] GET https://firebase.googleapis.com/v1beta1/projects/clone-67520/adminSdkConfig {"projectId":"clone-67520","storageBucket":"clone-67520.firebasestorage.app"}
[debug] [2025-12-28T04:58:15.522Z] Validating nodejs source
[debug] [2025-12-28T04:58:17.149Z] > [functions] package.json contents: {
  "name": "functions",
  "description": "Cloud Functions for Firebase",
  "scripts": {
    "serve": "firebase emulators:start --only functions",
    "shell": "firebase functions:shell",
    "start": "npm run shell",
    "deploy": "firebase deploy --only functions",
    "logs": "firebase functions:log"
  },
  "engines": {
    "node": "22"
  },
  "main": "index.js",
  "dependencies": {
    "cors": "~2.8.5",
    "dotenv": "~17.2.3",
    "express": "~5.2.1",
    "firebase-admin": "^12.7.0",
    "firebase-functions": "~7.0.2",
    "stripe": "~20.1.0"
  },
  "devDependencies": {
    "firebase-functions-test": "^3.4.1"
  },
  "private": true
}
[debug] [2025-12-28T04:58:17.149Z] Building nodejs source
[info] i  functions: Loading and analyzing source code for codebase default to determine what to deploy 
[debug] [2025-12-28T04:58:17.151Z] Could not find functions.yaml. Must use http discovery
[debug] [2025-12-28T04:58:17.165Z] Found firebase-functions binary at 'C:\Users\teshe\OneDrive\Desktop\EVANGADI\Phase-4\Bldg Fullstack Apps\Project Wk-2\Amazon-Clone-Frontend-2025\amazon-clone\functions\node_modules\.bin\firebase-functions'
[info] Serving at port 8821

[info] [dotenv@17.2.3] injecting env (1) from .env -- tip: ⚙️  write to custom object with { processEnv: myObject }

[debug] [2025-12-28T04:58:18.431Z] Got response from /__/functions.yaml {"endpoints":{"api":{"availableMemoryMb":null,"timeoutSeconds":null,"minInstances":null,"maxInstances":null,"ingressSettings":null,"concurrency":null,"serviceAccountEmail":null,"vpc":null,"platform":"gcfv2","labels":{},"httpsTrigger":{},"entryPoint":"api"}},"specVersion":"v1alpha1","requiredAPIs":[],"extensions":{}}
[info] i  extensions: ensuring required API firebaseextensions.googleapis.com is enabled... 
[debug] [2025-12-28T04:58:22.518Z] Checked if tokens are valid: true, expires at: 1766901481908
[debug] [2025-12-28T04:58:22.518Z] Checked if tokens are valid: true, expires at: 1766901481908
[debug] [2025-12-28T04:58:22.519Z] >>> [apiv2][query] GET https://serviceusage.googleapis.com/v1/projects/clone-67520/services/firebaseextensions.googleapis.com [none]
[debug] [2025-12-28T04:58:22.519Z] >>> [apiv2][(partial)header] GET https://serviceusage.googleapis.com/v1/projects/clone-67520/services/firebaseextensions.googleapis.com x-goog-quota-user=projects/clone-67520
[debug] [2025-12-28T04:58:22.871Z] <<< [apiv2][status] GET https://serviceusage.googleapis.com/v1/projects/clone-67520/services/firebaseextensions.googleapis.com 200
[debug] [2025-12-28T04:58:22.872Z] <<< [apiv2][body] GET https://serviceusage.googleapis.com/v1/projects/clone-67520/services/firebaseextensions.googleapis.com [omitted]
[warn] !  extensions: missing required API firebaseextensions.googleapis.com. Enabling now... 
[debug] [2025-12-28T04:58:22.873Z] Checked if tokens are valid: true, expires at: 1766901481908
[debug] [2025-12-28T04:58:22.874Z] Checked if tokens are valid: true, expires at: 1766901481908
[debug] [2025-12-28T04:58:22.874Z] >>> [apiv2][query] POST https://serviceusage.googleapis.com/v1/projects/clone-67520/services/firebaseextensions.googleapis.com:enable [none]
[debug] [2025-12-28T04:58:22.874Z] >>> [apiv2][(partial)header] POST https://serviceusage.googleapis.com/v1/projects/clone-67520/services/firebaseextensions.googleapis.com:enable x-goog-quota-user=projects/clone-67520
[debug] [2025-12-28T04:58:23.526Z] <<< [apiv2][status] POST https://serviceusage.googleapis.com/v1/projects/clone-67520/services/firebaseextensions.googleapis.com:enable 200
[debug] [2025-12-28T04:58:23.526Z] <<< [apiv2][body] POST https://serviceusage.googleapis.com/v1/projects/clone-67520/services/firebaseextensions.googleapis.com:enable [omitted]
[debug] [2025-12-28T04:58:33.580Z] > command requires scopes: ["email","openid","https://www.googleapis.com/auth/cloudplatformprojects.readonly","https://www.googleapis.com/auth/firebase","https://www.googleapis.com/auth/cloud-platform"]
[debug] [2025-12-28T04:58:33.581Z] > authorizing via signed-in user (tesheman2020@gmail.com)
[debug] [2025-12-28T04:58:33.581Z] [iam] checking project clone-67520 for permissions ["firebase.projects.get","firebaseextensions.instances.list"]
[debug] [2025-12-28T04:58:33.582Z] Checked if tokens are valid: true, expires at: 1766901481908
[debug] [2025-12-28T04:58:33.582Z] Checked if tokens are valid: true, expires at: 1766901481908
[debug] [2025-12-28T04:58:33.582Z] >>> [apiv2][query] POST https://cloudresourcemanager.googleapis.com/v1/projects/clone-67520:testIamPermissions [none]
[debug] [2025-12-28T04:58:33.583Z] >>> [apiv2][(partial)header] POST https://cloudresourcemanager.googleapis.com/v1/projects/clone-67520:testIamPermissions x-goog-quota-user=projects/clone-67520
[debug] [2025-12-28T04:58:33.583Z] >>> [apiv2][body] POST https://cloudresourcemanager.googleapis.com/v1/projects/clone-67520:testIamPermissions {"permissions":["firebase.projects.get","firebaseextensions.instances.list"]}
[debug] [2025-12-28T04:58:33.815Z] <<< [apiv2][status] POST https://cloudresourcemanager.googleapis.com/v1/projects/clone-67520:testIamPermissions 200
[debug] [2025-12-28T04:58:33.815Z] <<< [apiv2][body] POST https://cloudresourcemanager.googleapis.com/v1/projects/clone-67520:testIamPermissions {"permissions":["firebase.projects.get","firebaseextensions.instances.list"]}
[debug] [2025-12-28T04:58:33.817Z] Checked if tokens are valid: true, expires at: 1766901481908
[debug] [2025-12-28T04:58:33.817Z] Checked if tokens are valid: true, expires at: 1766901481908
[debug] [2025-12-28T04:58:33.818Z] >>> [apiv2][query] GET https://firebaseextensions.googleapis.com/v1beta/projects/clone-67520/instances pageSize=100&pageToken=
[debug] [2025-12-28T04:58:35.254Z] <<< [apiv2][status] GET https://firebaseextensions.googleapis.com/v1beta/projects/clone-67520/instances 200
[debug] [2025-12-28T04:58:35.254Z] <<< [apiv2][body] GET https://firebaseextensions.googleapis.com/v1beta/projects/clone-67520/instances {}
[info] i  functions: Loaded environment variables from .env. 
[info] i  functions: preparing functions directory for uploading... 
[info] i  functions: packaged C:\Users\teshe\OneDrive\Desktop\EVANGADI\Phase-4\Bldg Fullstack Apps\Project Wk-2\Amazon-Clone-Frontend-2025\amazon-clone\functions (70.96 KB) for uploading 
[debug] [2025-12-28T04:58:35.334Z] Checked if tokens are valid: true, expires at: 1766901481908
[debug] [2025-12-28T04:58:35.334Z] Checked if tokens are valid: true, expires at: 1766901481908
[debug] [2025-12-28T04:58:35.334Z] >>> [apiv2][query] GET https://cloudfunctions.googleapis.com/v1/projects/clone-67520/locations/-/functions [none]
[debug] [2025-12-28T04:58:36.022Z] <<< [apiv2][status] GET https://cloudfunctions.googleapis.com/v1/projects/clone-67520/locations/-/functions 200
[debug] [2025-12-28T04:58:36.022Z] <<< [apiv2][body] GET https://cloudfunctions.googleapis.com/v1/projects/clone-67520/locations/-/functions {}
[debug] [2025-12-28T04:58:36.022Z] Checked if tokens are valid: true, expires at: 1766901481908
[debug] [2025-12-28T04:58:36.022Z] Checked if tokens are valid: true, expires at: 1766901481908
[debug] [2025-12-28T04:58:36.023Z] >>> [apiv2][query] GET https://cloudfunctions.googleapis.com/v2/projects/clone-67520/locations/-/functions filter=environment%3D%22GEN_2%22
[debug] [2025-12-28T04:58:36.446Z] <<< [apiv2][status] GET https://cloudfunctions.googleapis.com/v2/projects/clone-67520/locations/-/functions 200
[debug] [2025-12-28T04:58:36.447Z] <<< [apiv2][body] GET https://cloudfunctions.googleapis.com/v2/projects/clone-67520/locations/-/functions {}
[info] i  functions: ensuring required API run.googleapis.com is enabled... 
[debug] [2025-12-28T04:58:36.449Z] Checked if tokens are valid: true, expires at: 1766901481908
[debug] [2025-12-28T04:58:36.449Z] Checked if tokens are valid: true, expires at: 1766901481908
[info] i  functions: ensuring required API eventarc.googleapis.com is enabled... 
[debug] [2025-12-28T04:58:36.450Z] Checked if tokens are valid: true, expires at: 1766901481908
[debug] [2025-12-28T04:58:36.450Z] Checked if tokens are valid: true, expires at: 1766901481908
[info] i  functions: ensuring required API pubsub.googleapis.com is enabled... 
[debug] [2025-12-28T04:58:36.450Z] Checked if tokens are valid: true, expires at: 1766901481908
[debug] [2025-12-28T04:58:36.450Z] Checked if tokens are valid: true, expires at: 1766901481908
[info] i  functions: ensuring required API storage.googleapis.com is enabled... 
[debug] [2025-12-28T04:58:36.451Z] Checked if tokens are valid: true, expires at: 1766901481908
[debug] [2025-12-28T04:58:36.451Z] Checked if tokens are valid: true, expires at: 1766901481908
[debug] [2025-12-28T04:58:36.451Z] >>> [apiv2][query] GET https://serviceusage.googleapis.com/v1/projects/1082454415968/services/run.googleapis.com [none]
[debug] [2025-12-28T04:58:36.451Z] >>> [apiv2][(partial)header] GET https://serviceusage.googleapis.com/v1/projects/1082454415968/services/run.googleapis.com x-goog-quota-user=projects/1082454415968
[debug] [2025-12-28T04:58:36.452Z] >>> [apiv2][query] GET https://serviceusage.googleapis.com/v1/projects/1082454415968/services/eventarc.googleapis.com [none]
[debug] [2025-12-28T04:58:36.452Z] >>> [apiv2][(partial)header] GET https://serviceusage.googleapis.com/v1/projects/1082454415968/services/eventarc.googleapis.com x-goog-quota-user=projects/1082454415968
[debug] [2025-12-28T04:58:36.453Z] >>> [apiv2][query] GET https://serviceusage.googleapis.com/v1/projects/1082454415968/services/pubsub.googleapis.com [none]
[debug] [2025-12-28T04:58:36.453Z] >>> [apiv2][(partial)header] GET https://serviceusage.googleapis.com/v1/projects/1082454415968/services/pubsub.googleapis.com x-goog-quota-user=projects/1082454415968
[debug] [2025-12-28T04:58:36.454Z] >>> [apiv2][query] GET https://serviceusage.googleapis.com/v1/projects/1082454415968/services/storage.googleapis.com [none]
[debug] [2025-12-28T04:58:36.454Z] >>> [apiv2][(partial)header] GET https://serviceusage.googleapis.com/v1/projects/1082454415968/services/storage.googleapis.com x-goog-quota-user=projects/1082454415968
[debug] [2025-12-28T04:58:36.821Z] <<< [apiv2][status] GET https://serviceusage.googleapis.com/v1/projects/1082454415968/services/eventarc.googleapis.com 200
[debug] [2025-12-28T04:58:36.821Z] <<< [apiv2][body] GET https://serviceusage.googleapis.com/v1/projects/1082454415968/services/eventarc.googleapis.com [omitted]
[warn] !  functions: missing required API eventarc.googleapis.com. Enabling now... 
[debug] [2025-12-28T04:58:36.822Z] Checked if tokens are valid: true, expires at: 1766901481908
[debug] [2025-12-28T04:58:36.822Z] Checked if tokens are valid: true, expires at: 1766901481908
[debug] [2025-12-28T04:58:36.822Z] >>> [apiv2][query] POST https://serviceusage.googleapis.com/v1/projects/1082454415968/services/eventarc.googleapis.com:enable [none]
[debug] [2025-12-28T04:58:36.822Z] >>> [apiv2][(partial)header] POST https://serviceusage.googleapis.com/v1/projects/1082454415968/services/eventarc.googleapis.com:enable x-goog-quota-user=projects/1082454415968
[debug] [2025-12-28T04:58:36.824Z] <<< [apiv2][status] GET https://serviceusage.googleapis.com/v1/projects/1082454415968/services/run.googleapis.com 200
[debug] [2025-12-28T04:58:36.824Z] <<< [apiv2][body] GET https://serviceusage.googleapis.com/v1/projects/1082454415968/services/run.googleapis.com [omitted]
[warn] !  functions: missing required API run.googleapis.com. Enabling now... 
[debug] [2025-12-28T04:58:36.825Z] Checked if tokens are valid: true, expires at: 1766901481908
[debug] [2025-12-28T04:58:36.825Z] Checked if tokens are valid: true, expires at: 1766901481908
[debug] [2025-12-28T04:58:36.825Z] >>> [apiv2][query] POST https://serviceusage.googleapis.com/v1/projects/1082454415968/services/run.googleapis.com:enable [none]
[debug] [2025-12-28T04:58:36.825Z] >>> [apiv2][(partial)header] POST https://serviceusage.googleapis.com/v1/projects/1082454415968/services/run.googleapis.com:enable x-goog-quota-user=projects/1082454415968
[debug] [2025-12-28T04:58:36.828Z] <<< [apiv2][status] GET https://serviceusage.googleapis.com/v1/projects/1082454415968/services/pubsub.googleapis.com 200
[debug] [2025-12-28T04:58:36.828Z] <<< [apiv2][body] GET https://serviceusage.googleapis.com/v1/projects/1082454415968/services/pubsub.googleapis.com [omitted]
[info] +  functions: required API pubsub.googleapis.com is enabled 
[debug] [2025-12-28T04:58:36.840Z] <<< [apiv2][status] GET https://serviceusage.googleapis.com/v1/projects/1082454415968/services/storage.googleapis.com 200
[debug] [2025-12-28T04:58:36.840Z] <<< [apiv2][body] GET https://serviceusage.googleapis.com/v1/projects/1082454415968/services/storage.googleapis.com [omitted]
[info] +  functions: required API storage.googleapis.com is enabled 
[debug] [2025-12-28T04:58:37.423Z] <<< [apiv2][status] POST https://serviceusage.googleapis.com/v1/projects/1082454415968/services/eventarc.googleapis.com:enable 200
[debug] [2025-12-28T04:58:37.424Z] <<< [apiv2][body] POST https://serviceusage.googleapis.com/v1/projects/1082454415968/services/eventarc.googleapis.com:enable [omitted]
[debug] [2025-12-28T04:58:37.514Z] <<< [apiv2][status] POST https://serviceusage.googleapis.com/v1/projects/1082454415968/services/run.googleapis.com:enable 200
[debug] [2025-12-28T04:58:37.514Z] <<< [apiv2][body] POST https://serviceusage.googleapis.com/v1/projects/1082454415968/services/run.googleapis.com:enable [omitted]
